Started GET "/" for 127.0.0.1 at 2022-10-12 19:38:01 +0530
  
ActiveRecord::ConnectionNotEstablished (could not connect to server: No such file or directory
	Is the server running locally and accepting
	connections on Unix domain socket "/var/run/postgresql/.s.PGSQL.5432"?
):
  
activerecord (7.0.4) lib/active_record/connection_adapters/postgresql_adapter.rb:87:in `rescue in new_client'
activerecord (7.0.4) lib/active_record/connection_adapters/postgresql_adapter.rb:77:in `new_client'
activerecord (7.0.4) lib/active_record/connection_adapters/postgresql_adapter.rb:37:in `postgresql_connection'
activerecord (7.0.4) lib/active_record/connection_adapters/abstract/connection_pool.rb:656:in `public_send'
activerecord (7.0.4) lib/active_record/connection_adapters/abstract/connection_pool.rb:656:in `new_connection'
activerecord (7.0.4) lib/active_record/connection_adapters/abstract/connection_pool.rb:700:in `checkout_new_connection'
activerecord (7.0.4) lib/active_record/connection_adapters/abstract/connection_pool.rb:679:in `try_to_checkout_new_connection'
activerecord (7.0.4) lib/active_record/connection_adapters/abstract/connection_pool.rb:640:in `acquire_connection'
activerecord (7.0.4) lib/active_record/connection_adapters/abstract/connection_pool.rb:341:in `checkout'
activerecord (7.0.4) lib/active_record/connection_adapters/abstract/connection_pool.rb:181:in `connection'
activerecord (7.0.4) lib/active_record/connection_adapters/abstract/connection_handler.rb:211:in `retrieve_connection'
activerecord (7.0.4) lib/active_record/connection_handling.rb:313:in `retrieve_connection'
activerecord (7.0.4) lib/active_record/connection_handling.rb:280:in `connection'
activerecord (7.0.4) lib/active_record/migration.rb:613:in `connection'
activerecord (7.0.4) lib/active_record/migration.rb:608:in `build_watcher'
activerecord (7.0.4) lib/active_record/migration.rb:590:in `block in call'
activerecord (7.0.4) lib/active_record/migration.rb:589:in `synchronize'
activerecord (7.0.4) lib/active_record/migration.rb:589:in `call'
actionpack (7.0.4) lib/action_dispatch/middleware/callbacks.rb:27:in `block in call'
activesupport (7.0.4) lib/active_support/callbacks.rb:99:in `run_callbacks'
actionpack (7.0.4) lib/action_dispatch/middleware/callbacks.rb:26:in `call'
actionpack (7.0.4) lib/action_dispatch/middleware/executor.rb:14:in `call'
actionpack (7.0.4) lib/action_dispatch/middleware/actionable_exceptions.rb:17:in `call'
actionpack (7.0.4) lib/action_dispatch/middleware/debug_exceptions.rb:28:in `call'
web-console (4.2.0) lib/web_console/middleware.rb:132:in `call_app'
web-console (4.2.0) lib/web_console/middleware.rb:28:in `block in call'
web-console (4.2.0) lib/web_console/middleware.rb:17:in `catch'
web-console (4.2.0) lib/web_console/middleware.rb:17:in `call'
actionpack (7.0.4) lib/action_dispatch/middleware/show_exceptions.rb:26:in `call'
railties (7.0.4) lib/rails/rack/logger.rb:40:in `call_app'
railties (7.0.4) lib/rails/rack/logger.rb:25:in `block in call'
activesupport (7.0.4) lib/active_support/tagged_logging.rb:99:in `block in tagged'
activesupport (7.0.4) lib/active_support/tagged_logging.rb:37:in `tagged'
activesupport (7.0.4) lib/active_support/tagged_logging.rb:99:in `tagged'
railties (7.0.4) lib/rails/rack/logger.rb:25:in `call'
sprockets-rails (3.4.2) lib/sprockets/rails/quiet_assets.rb:13:in `call'
actionpack (7.0.4) lib/action_dispatch/middleware/remote_ip.rb:93:in `call'
actionpack (7.0.4) lib/action_dispatch/middleware/request_id.rb:26:in `call'
rack (2.2.4) lib/rack/method_override.rb:24:in `call'
rack (2.2.4) lib/rack/runtime.rb:22:in `call'
activesupport (7.0.4) lib/active_support/cache/strategy/local_cache_middleware.rb:29:in `call'
actionpack (7.0.4) lib/action_dispatch/middleware/server_timing.rb:61:in `block in call'
actionpack (7.0.4) lib/action_dispatch/middleware/server_timing.rb:26:in `collect_events'
actionpack (7.0.4) lib/action_dispatch/middleware/server_timing.rb:60:in `call'
actionpack (7.0.4) lib/action_dispatch/middleware/executor.rb:14:in `call'
actionpack (7.0.4) lib/action_dispatch/middleware/static.rb:23:in `call'
rack (2.2.4) lib/rack/sendfile.rb:110:in `call'
actionpack (7.0.4) lib/action_dispatch/middleware/host_authorization.rb:137:in `call'
railties (7.0.4) lib/rails/engine.rb:530:in `call'
puma (5.6.5) lib/puma/configuration.rb:252:in `call'
puma (5.6.5) lib/puma/request.rb:77:in `block in handle_request'
puma (5.6.5) lib/puma/thread_pool.rb:340:in `with_force_shutdown'
puma (5.6.5) lib/puma/request.rb:76:in `handle_request'
puma (5.6.5) lib/puma/server.rb:443:in `process_client'
puma (5.6.5) lib/puma/thread_pool.rb:147:in `block in spawn_thread'
Started GET "/" for 127.0.0.1 at 2022-10-12 19:40:12 +0530
  
ActiveRecord::NoDatabaseError (We could not find your database: rollbar_development. Which can be found in the database configuration file located at config/database.yml.

To resolve this issue:

- Did you create the database for this app, or delete it? You may need to create your database.
- Has the database name changed? Check your database.yml config has the correct database name.

To create your database, run:

        bin/rails db:create
):
  
activerecord (7.0.4) lib/active_record/connection_adapters/postgresql_adapter.rb:81:in `rescue in new_client'
activerecord (7.0.4) lib/active_record/connection_adapters/postgresql_adapter.rb:77:in `new_client'
activerecord (7.0.4) lib/active_record/connection_adapters/postgresql_adapter.rb:37:in `postgresql_connection'
activerecord (7.0.4) lib/active_record/connection_adapters/abstract/connection_pool.rb:656:in `public_send'
activerecord (7.0.4) lib/active_record/connection_adapters/abstract/connection_pool.rb:656:in `new_connection'
activerecord (7.0.4) lib/active_record/connection_adapters/abstract/connection_pool.rb:700:in `checkout_new_connection'
activerecord (7.0.4) lib/active_record/connection_adapters/abstract/connection_pool.rb:679:in `try_to_checkout_new_connection'
activerecord (7.0.4) lib/active_record/connection_adapters/abstract/connection_pool.rb:640:in `acquire_connection'
activerecord (7.0.4) lib/active_record/connection_adapters/abstract/connection_pool.rb:341:in `checkout'
activerecord (7.0.4) lib/active_record/connection_adapters/abstract/connection_pool.rb:181:in `connection'
activerecord (7.0.4) lib/active_record/connection_adapters/abstract/connection_handler.rb:211:in `retrieve_connection'
activerecord (7.0.4) lib/active_record/connection_handling.rb:313:in `retrieve_connection'
activerecord (7.0.4) lib/active_record/connection_handling.rb:280:in `connection'
activerecord (7.0.4) lib/active_record/migration.rb:613:in `connection'
activerecord (7.0.4) lib/active_record/migration.rb:608:in `build_watcher'
activerecord (7.0.4) lib/active_record/migration.rb:590:in `block in call'
activerecord (7.0.4) lib/active_record/migration.rb:589:in `synchronize'
activerecord (7.0.4) lib/active_record/migration.rb:589:in `call'
actionpack (7.0.4) lib/action_dispatch/middleware/callbacks.rb:27:in `block in call'
activesupport (7.0.4) lib/active_support/callbacks.rb:99:in `run_callbacks'
actionpack (7.0.4) lib/action_dispatch/middleware/callbacks.rb:26:in `call'
actionpack (7.0.4) lib/action_dispatch/middleware/executor.rb:14:in `call'
actionpack (7.0.4) lib/action_dispatch/middleware/actionable_exceptions.rb:17:in `call'
actionpack (7.0.4) lib/action_dispatch/middleware/debug_exceptions.rb:28:in `call'
web-console (4.2.0) lib/web_console/middleware.rb:132:in `call_app'
web-console (4.2.0) lib/web_console/middleware.rb:28:in `block in call'
web-console (4.2.0) lib/web_console/middleware.rb:17:in `catch'
web-console (4.2.0) lib/web_console/middleware.rb:17:in `call'
actionpack (7.0.4) lib/action_dispatch/middleware/show_exceptions.rb:26:in `call'
railties (7.0.4) lib/rails/rack/logger.rb:40:in `call_app'
railties (7.0.4) lib/rails/rack/logger.rb:25:in `block in call'
activesupport (7.0.4) lib/active_support/tagged_logging.rb:99:in `block in tagged'
activesupport (7.0.4) lib/active_support/tagged_logging.rb:37:in `tagged'
activesupport (7.0.4) lib/active_support/tagged_logging.rb:99:in `tagged'
railties (7.0.4) lib/rails/rack/logger.rb:25:in `call'
sprockets-rails (3.4.2) lib/sprockets/rails/quiet_assets.rb:13:in `call'
actionpack (7.0.4) lib/action_dispatch/middleware/remote_ip.rb:93:in `call'
actionpack (7.0.4) lib/action_dispatch/middleware/request_id.rb:26:in `call'
rack (2.2.4) lib/rack/method_override.rb:24:in `call'
rack (2.2.4) lib/rack/runtime.rb:22:in `call'
activesupport (7.0.4) lib/active_support/cache/strategy/local_cache_middleware.rb:29:in `call'
actionpack (7.0.4) lib/action_dispatch/middleware/server_timing.rb:61:in `block in call'
actionpack (7.0.4) lib/action_dispatch/middleware/server_timing.rb:26:in `collect_events'
actionpack (7.0.4) lib/action_dispatch/middleware/server_timing.rb:60:in `call'
actionpack (7.0.4) lib/action_dispatch/middleware/executor.rb:14:in `call'
actionpack (7.0.4) lib/action_dispatch/middleware/static.rb:23:in `call'
rack (2.2.4) lib/rack/sendfile.rb:110:in `call'
actionpack (7.0.4) lib/action_dispatch/middleware/host_authorization.rb:137:in `call'
railties (7.0.4) lib/rails/engine.rb:530:in `call'
puma (5.6.5) lib/puma/configuration.rb:252:in `call'
puma (5.6.5) lib/puma/request.rb:77:in `block in handle_request'
puma (5.6.5) lib/puma/thread_pool.rb:340:in `with_force_shutdown'
puma (5.6.5) lib/puma/request.rb:76:in `handle_request'
puma (5.6.5) lib/puma/server.rb:443:in `process_client'
puma (5.6.5) lib/puma/thread_pool.rb:147:in `block in spawn_thread'
  [1m[35m (247.6ms)[0m  [1m[35mCREATE DATABASE "rollbar_development" ENCODING = 'unicode'[0m
  [1m[35m (100.5ms)[0m  [1m[35mCREATE DATABASE "rollbar_test" ENCODING = 'unicode'[0m
Started GET "/" for 127.0.0.1 at 2022-10-12 19:41:08 +0530
Processing by Rails::WelcomeController#index as HTML
  Rendering /home/emmanuel/.rbenv/versions/3.1.2/lib/ruby/gems/3.1.0/gems/railties-7.0.4/lib/rails/templates/rails/welcome/index.html.erb
  Rendered /home/emmanuel/.rbenv/versions/3.1.2/lib/ruby/gems/3.1.0/gems/railties-7.0.4/lib/rails/templates/rails/welcome/index.html.erb (Duration: 2.3ms | Allocations: 527)
Completed 200 OK in 13ms (Views: 4.5ms | ActiveRecord: 0.0ms | Allocations: 4189)


  [1m[35m (16.6ms)[0m  [1m[35mCREATE TABLE "schema_migrations" ("version" character varying NOT NULL PRIMARY KEY)[0m
  [1m[35m (12.0ms)[0m  [1m[35mCREATE TABLE "ar_internal_metadata" ("key" character varying NOT NULL PRIMARY KEY, "value" character varying, "created_at" timestamp(6) NOT NULL, "updated_at" timestamp(6) NOT NULL)[0m
  [1m[35m (0.3ms)[0m  [1m[34mSELECT pg_try_advisory_lock(4242419199533475765)[0m
  [1m[36mActiveRecord::SchemaMigration Pluck (0.5ms)[0m  [1m[34mSELECT "schema_migrations"."version" FROM "schema_migrations" ORDER BY "schema_migrations"."version" ASC[0m
Migrating to CreatePosts (20221012144455)
  [1m[36mTRANSACTION (0.5ms)[0m  [1m[35mBEGIN[0m
  [1m[35m (12.9ms)[0m  [1m[35mCREATE TABLE "posts" ("id" bigserial primary key, "title" character varying, "content" text, "created_at" timestamp(6) NOT NULL, "updated_at" timestamp(6) NOT NULL)[0m
  [1m[36mActiveRecord::SchemaMigration Create (0.7ms)[0m  [1m[32mINSERT INTO "schema_migrations" ("version") VALUES ($1) RETURNING "version"[0m  [["version", "20221012144455"]]
  [1m[36mTRANSACTION (2.4ms)[0m  [1m[35mCOMMIT[0m
  [1m[36mActiveRecord::InternalMetadata Load (0.4ms)[0m  [1m[34mSELECT "ar_internal_metadata".* FROM "ar_internal_metadata" WHERE "ar_internal_metadata"."key" = $1 LIMIT $2[0m  [["key", "environment"], ["LIMIT", 1]]
  [1m[36mTRANSACTION (0.3ms)[0m  [1m[35mBEGIN[0m
  [1m[36mActiveRecord::InternalMetadata Create (0.8ms)[0m  [1m[32mINSERT INTO "ar_internal_metadata" ("key", "value", "created_at", "updated_at") VALUES ($1, $2, $3, $4) RETURNING "key"[0m  [["key", "environment"], ["value", "development"], ["created_at", "2022-10-12 14:45:08.970435"], ["updated_at", "2022-10-12 14:45:08.970435"]]
  [1m[36mTRANSACTION (2.8ms)[0m  [1m[35mCOMMIT[0m
  [1m[35m (0.5ms)[0m  [1m[34mSELECT pg_advisory_unlock(4242419199533475765)[0m
  [1m[36mActiveRecord::SchemaMigration Pluck (0.5ms)[0m  [1m[34mSELECT "schema_migrations"."version" FROM "schema_migrations" ORDER BY "schema_migrations"."version" ASC[0m
Started GET "/" for 127.0.0.1 at 2022-10-12 20:15:40 +0530
  [1m[36mActiveRecord::SchemaMigration Pluck (0.6ms)[0m  [1m[34mSELECT "schema_migrations"."version" FROM "schema_migrations" ORDER BY "schema_migrations"."version" ASC[0m
Processing by PostsController#index as HTML
  Rendering layout layouts/application.html.erb
  Rendering posts/index.html.erb within layouts/application
  Rendered posts/index.html.erb within layouts/application (Duration: 10.5ms | Allocations: 5529)
  Rendered layout layouts/application.html.erb (Duration: 10.7ms | Allocations: 5639)
Completed 500 Internal Server Error in 22ms (ActiveRecord: 0.0ms | Allocations: 9778)


  
ActionView::Template::Error (undefined local variable or method `new_post_path' for #<ActionView::Base:0x0000000000ab40>

    '.freeze;@output_buffer.append=( link_to 'New post', new_post_path, class: "rounded-lg py-3 px-5 bg-blue-600 text-white block font-medium" );@output_buffer.safe_append='
                                                         ^^^^^^^^^^^^^
Did you mean?  new_polymorphic_path):
     5: 
     6:   <div class="flex justify-between items-center">
     7:     <h1 class="font-bold text-4xl">Posts</h1>
     8:     <%= link_to 'New post', new_post_path, class: "rounded-lg py-3 px-5 bg-blue-600 text-white block font-medium" %>
     9:   </div>
    10: 
    11:   <div id="posts" class="min-w-full">
  
app/views/posts/index.html.erb:8
Started GET "/" for 127.0.0.1 at 2022-10-12 20:15:57 +0530
Processing by Rails::WelcomeController#index as HTML
  Rendering /home/emmanuel/.rbenv/versions/3.1.2/lib/ruby/gems/3.1.0/gems/railties-7.0.4/lib/rails/templates/rails/welcome/index.html.erb
  Rendered /home/emmanuel/.rbenv/versions/3.1.2/lib/ruby/gems/3.1.0/gems/railties-7.0.4/lib/rails/templates/rails/welcome/index.html.erb (Duration: 0.7ms | Allocations: 301)
Completed 200 OK in 3ms (Views: 1.9ms | ActiveRecord: 0.0ms | Allocations: 1142)


Started GET "/posts" for 127.0.0.1 at 2022-10-12 20:16:02 +0530
Processing by PostsController#index as HTML
  Rendering layout layouts/application.html.erb
  Rendering posts/index.html.erb within layouts/application
  [1m[36mPost Load (0.6ms)[0m  [1m[34mSELECT "posts".* FROM "posts"[0m
  ↳ app/views/posts/index.html.erb:12
  Rendered collection of templates [0 times] (Duration: 0.0ms | Allocations: 30)
  Rendered posts/index.html.erb within layouts/application (Duration: 6.5ms | Allocations: 1484)
  Rendered layout layouts/application.html.erb (Duration: 336.3ms | Allocations: 139722)
Completed 200 OK in 342ms (Views: 337.9ms | ActiveRecord: 0.6ms | Allocations: 141455)


Started GET "/posts/new" for 127.0.0.1 at 2022-10-12 20:16:05 +0530
Processing by PostsController#new as HTML
  Rendering layout layouts/application.html.erb
  Rendering posts/new.html.erb within layouts/application
  Rendered posts/_form.html.erb (Duration: 18.9ms | Allocations: 4990)
  Rendered posts/new.html.erb within layouts/application (Duration: 20.2ms | Allocations: 5337)
  Rendered layout layouts/application.html.erb (Duration: 32.0ms | Allocations: 12057)
Completed 200 OK in 49ms (Views: 32.5ms | ActiveRecord: 5.1ms | Allocations: 16731)


Started POST "/posts" for 127.0.0.1 at 2022-10-12 20:16:10 +0530
Processing by PostsController#create as TURBO_STREAM
  Parameters: {"authenticity_token"=>"[FILTERED]", "post"=>{"title"=>"asdasd", "content"=>"asdasd"}, "commit"=>"Create Post"}
  [1m[36mTRANSACTION (0.3ms)[0m  [1m[35mBEGIN[0m
  ↳ app/controllers/posts_controller.rb:27:in `block in create'
  [1m[36mPost Create (1.1ms)[0m  [1m[32mINSERT INTO "posts" ("title", "content", "created_at", "updated_at") VALUES ($1, $2, $3, $4) RETURNING "id"[0m  [["title", "asdasd"], ["content", "asdasd"], ["created_at", "2022-10-12 14:46:10.125975"], ["updated_at", "2022-10-12 14:46:10.125975"]]
  ↳ app/controllers/posts_controller.rb:27:in `block in create'
  [1m[36mTRANSACTION (2.6ms)[0m  [1m[35mCOMMIT[0m
  ↳ app/controllers/posts_controller.rb:27:in `block in create'
Redirected to http://localhost:3000/posts/1
Completed 302 Found in 13ms (ActiveRecord: 4.0ms | Allocations: 3845)


Started GET "/posts/1" for 127.0.0.1 at 2022-10-12 20:16:10 +0530
Processing by PostsController#show as TURBO_STREAM
  Parameters: {"id"=>"1"}
  [1m[36mPost Load (0.6ms)[0m  [1m[34mSELECT "posts".* FROM "posts" WHERE "posts"."id" = $1 LIMIT $2[0m  [["id", 1], ["LIMIT", 1]]
  ↳ app/controllers/posts_controller.rb:63:in `set_post'
  Rendering layout layouts/application.html.erb
  Rendering posts/show.html.erb within layouts/application
  Rendered posts/_post.html.erb (Duration: 0.7ms | Allocations: 315)
  Rendered posts/show.html.erb within layouts/application (Duration: 4.8ms | Allocations: 1746)
  Rendered layout layouts/application.html.erb (Duration: 10.4ms | Allocations: 8435)
Completed 200 OK in 19ms (Views: 11.3ms | ActiveRecord: 1.0ms | Allocations: 11293)


Started GET "/posts" for 127.0.0.1 at 2022-10-12 20:16:13 +0530
Processing by PostsController#index as HTML
  Rendering layout layouts/application.html.erb
  Rendering posts/index.html.erb within layouts/application
  [1m[36mPost Load (0.5ms)[0m  [1m[34mSELECT "posts".* FROM "posts"[0m
  ↳ app/views/posts/index.html.erb:12
  Rendered collection of posts/_post.html.erb [1 times] (Duration: 1.1ms | Allocations: 380)
  Rendered posts/index.html.erb within layouts/application (Duration: 4.7ms | Allocations: 1444)
  Rendered layout layouts/application.html.erb (Duration: 9.9ms | Allocations: 8033)
Completed 200 OK in 11ms (Views: 10.1ms | ActiveRecord: 0.5ms | Allocations: 8336)


[Rollbar] Scheduling item
[Rollbar] Sending item
[Rollbar] Sending json
[Rollbar] Success
[Rollbar] Details: https://rollbar.com/instance/uuid?uuid=a28b39ae-1615-4c31-8534-effdfc9b0596 (only available if report was successful)
[Rollbar] Scheduling item
[Rollbar] Sending item
[Rollbar] Sending json
[Rollbar] Success
[Rollbar] Details: https://rollbar.com/instance/uuid?uuid=c5390022-09ed-4a70-a651-7d982539a8ae (only available if report was successful)
